<?xml version="1.0" encoding="UTF-8"?>
<!-- Generated by org.testng.reporters.JUnitReportReporter -->
<testsuite hostname="DESKTOP-IA4DSA7" failures="0" tests="1" name="test.UserAbleToAddCategoryTest" time="7.953" errors="0" timestamp="2023-02-20T00:53:48 CST" skipped="0">
  <testcase classname="test.UserAbleToAddCategoryTest" name="validateAddCategory" time="7.953"/>
  <system-out/>
</testsuite> <!-- test.UserAbleToAddCategoryTest -->
