<?xml version="1.0" encoding="UTF-8"?>
<!-- Generated by org.testng.reporters.JUnitReportReporter -->
<testsuite hostname="DESKTOP-IA4DSA7" failures="0" tests="2" name="test.UserAbleToAddCategory" time="179.514" errors="0" timestamp="2023-02-17T18:41:59 CST" skipped="0">
  <testcase classname="test.UserAbleToAddCategory" name="init" time="6.739"/>
  <system-out/>
  <testcase classname="test.UserAbleToAddCategory" name="testAddCategory" time="172.775"/>
  <system-out/>
</testsuite> <!-- test.UserAbleToAddCategory -->
