<?xml version="1.0" encoding="UTF-8"?>
<!-- Generated by org.testng.reporters.JUnitReportReporter -->
<testsuite hostname="DESKTOP-IA4DSA7" failures="0" tests="1" name="test.UserNotAbleToAddDuplicaterCategoryTest" time="7.058" errors="0" timestamp="2023-02-19T02:46:32 CST" skipped="0">
  <testcase classname="test.UserNotAbleToAddDuplicaterCategoryTest" name="validateUserNotAbleToAddDuplicatedCathegory" time="7.058"/>
  <system-out/>
</testsuite> <!-- test.UserNotAbleToAddDuplicaterCategoryTest -->
