<?xml version="1.0" encoding="UTF-8"?>
<!-- Generated by org.testng.reporters.JUnitReportReporter -->
<testsuite hostname="DESKTOP-IA4DSA7" failures="0" tests="1" name="test.ValidateUserNotAbleToAddDuplicaterCategoryTest" time="10.204" errors="0" timestamp="2023-02-19T01:48:03 CST" skipped="0">
  <testcase classname="test.ValidateUserNotAbleToAddDuplicaterCategoryTest" name="validateUserNotAbleToAddDuplicatedCathegory" time="10.204"/>
  <system-out/>
</testsuite> <!-- test.ValidateUserNotAbleToAddDuplicaterCategoryTest -->
