<?xml version="1.0" encoding="UTF-8"?>
<!-- Generated by org.testng.reporters.JUnitReportReporter -->
<testsuite hostname="DESKTOP-IA4DSA7" failures="0" tests="2" name="test.monthDropDown" time="7.516" errors="0" timestamp="2023-02-17T20:43:17 CST" skipped="0">
  <testcase classname="test.monthDropDown" name="init" time="7.069"/>
  <system-out/>
  <testcase classname="test.monthDropDown" name="monthsDropDownTest" time="0.447"/>
  <system-out/>
</testsuite> <!-- test.monthDropDown -->
