<?xml version="1.0" encoding="UTF-8"?>
<!-- Generated by org.testng.reporters.JUnitReportReporter -->
<testsuite hostname="DESKTOP-IA4DSA7" failures="0" tests="1" name="test.MonthDropDownTest" time="8.190" errors="0" timestamp="2023-02-20T00:58:15 CST" skipped="0">
  <testcase classname="test.MonthDropDownTest" name="validateMonthDropDownHasAllMonths" time="8.190"/>
  <system-out/>
</testsuite> <!-- test.MonthDropDownTest -->
