<?xml version="1.0" encoding="UTF-8"?>
<!-- Generated by org.testng.reporters.JUnitReportReporter -->
<testsuite hostname="DESKTOP-IA4DSA7" failures="0" tests="1" name="test.UserAbleToAddDuplicaterCategoryTest" time="8.225" errors="0" timestamp="2023-02-18T22:03:07 CST" skipped="0">
  <testcase classname="test.UserAbleToAddDuplicaterCategoryTest" name="validateUserNotAbleToAddDuplicatedCathegory" time="8.225"/>
  <system-out/>
</testsuite> <!-- test.UserAbleToAddDuplicaterCategoryTest -->
